Compiled jquery.js  (4ms)  (pid 23427)
Compiled jquery_ujs.js  (0ms)  (pid 23427)
Compiled gallery.js  (0ms)  (pid 23427)
Compiled home.js  (249ms)  (pid 23427)
Compiled image_swap.js  (0ms)  (pid 23427)
Compiled jquery.sticky.js  (0ms)  (pid 23427)
Compiled libs/jquery.secret-source.min.js  (0ms)  (pid 23427)
Compiled pages.js  (157ms)  (pid 23427)
Compiled static_pages.js  (138ms)  (pid 23427)
Compiled application.js  (776ms)  (pid 23427)
WARNING on line 126 of /Users/gilesholt/Sites/rvw/app/assets/stylesheets/application.css.sass:
This selector doesn't have any properties and will not be rendered.

WARNING on line 140 of /Users/gilesholt/Sites/rvw/app/assets/stylesheets/application.css.sass:
This selector doesn't have any properties and will not be rendered.

WARNING on line 200 of /Users/gilesholt/Sites/rvw/app/assets/stylesheets/application.css.sass:
This selector doesn't have any properties and will not be rendered.

WARNING on line 314 of /Users/gilesholt/Sites/rvw/app/assets/stylesheets/application.css.sass:
This selector doesn't have any properties and will not be rendered.

WARNING on line 669 of /Users/gilesholt/Sites/rvw/app/assets/stylesheets/application.css.sass:
This selector doesn't have any properties and will not be rendered.

WARNING on line 777 of /Users/gilesholt/Sites/rvw/app/assets/stylesheets/application.css.sass:
This selector doesn't have any properties and will not be rendered.

WARNING on line 922 of /Users/gilesholt/Sites/rvw/app/assets/stylesheets/application.css.sass:
This selector doesn't have any properties and will not be rendered.

WARNING on line 924 of /Users/gilesholt/Sites/rvw/app/assets/stylesheets/application.css.sass:
This selector doesn't have any properties and will not be rendered.

WARNING on line 925 of /Users/gilesholt/Sites/rvw/app/assets/stylesheets/application.css.sass:
This selector doesn't have any properties and will not be rendered.

WARNING on line 926 of /Users/gilesholt/Sites/rvw/app/assets/stylesheets/application.css.sass:
This selector doesn't have any properties and will not be rendered.

WARNING on line 931 of /Users/gilesholt/Sites/rvw/app/assets/stylesheets/application.css.sass:
This selector doesn't have any properties and will not be rendered.

WARNING on line 932 of /Users/gilesholt/Sites/rvw/app/assets/stylesheets/application.css.sass:
This selector doesn't have any properties and will not be rendered.

WARNING on line 933 of /Users/gilesholt/Sites/rvw/app/assets/stylesheets/application.css.sass:
This selector doesn't have any properties and will not be rendered.

WARNING on line 943 of /Users/gilesholt/Sites/rvw/app/assets/stylesheets/application.css.sass:
This selector doesn't have any properties and will not be rendered.

WARNING on line 964 of /Users/gilesholt/Sites/rvw/app/assets/stylesheets/application.css.sass:
This selector doesn't have any properties and will not be rendered.

WARNING on line 1043 of /Users/gilesholt/Sites/rvw/app/assets/stylesheets/application.css.sass:
This selector doesn't have any properties and will not be rendered.

WARNING on line 1045 of /Users/gilesholt/Sites/rvw/app/assets/stylesheets/application.css.sass:
This selector doesn't have any properties and will not be rendered.

WARNING on line 1101 of /Users/gilesholt/Sites/rvw/app/assets/stylesheets/application.css.sass:
This selector doesn't have any properties and will not be rendered.

WARNING on line 1104 of /Users/gilesholt/Sites/rvw/app/assets/stylesheets/application.css.sass:
This selector doesn't have any properties and will not be rendered.

WARNING on line 1105 of /Users/gilesholt/Sites/rvw/app/assets/stylesheets/application.css.sass:
This selector doesn't have any properties and will not be rendered.

Compiled application.css  (1184ms)  (pid 23427)
Compiled jquery.js  (3ms)  (pid 23427)
Compiled jquery_ujs.js  (0ms)  (pid 23427)
Compiled gallery.js  (0ms)  (pid 23427)
Compiled home.js  (143ms)  (pid 23427)
Compiled image_swap.js  (0ms)  (pid 23427)
Compiled jquery.sticky.js  (0ms)  (pid 23427)
Compiled libs/jquery.secret-source.min.js  (0ms)  (pid 23427)
Compiled pages.js  (158ms)  (pid 23427)
Compiled static_pages.js  (156ms)  (pid 23427)
Compiled application.js  (630ms)  (pid 23427)
WARNING on line 126 of /Users/gilesholt/Sites/rvw/app/assets/stylesheets/application.css.sass:
This selector doesn't have any properties and will not be rendered.

WARNING on line 140 of /Users/gilesholt/Sites/rvw/app/assets/stylesheets/application.css.sass:
This selector doesn't have any properties and will not be rendered.

WARNING on line 200 of /Users/gilesholt/Sites/rvw/app/assets/stylesheets/application.css.sass:
This selector doesn't have any properties and will not be rendered.

WARNING on line 314 of /Users/gilesholt/Sites/rvw/app/assets/stylesheets/application.css.sass:
This selector doesn't have any properties and will not be rendered.

WARNING on line 669 of /Users/gilesholt/Sites/rvw/app/assets/stylesheets/application.css.sass:
This selector doesn't have any properties and will not be rendered.

WARNING on line 777 of /Users/gilesholt/Sites/rvw/app/assets/stylesheets/application.css.sass:
This selector doesn't have any properties and will not be rendered.

WARNING on line 922 of /Users/gilesholt/Sites/rvw/app/assets/stylesheets/application.css.sass:
This selector doesn't have any properties and will not be rendered.

WARNING on line 924 of /Users/gilesholt/Sites/rvw/app/assets/stylesheets/application.css.sass:
This selector doesn't have any properties and will not be rendered.

WARNING on line 925 of /Users/gilesholt/Sites/rvw/app/assets/stylesheets/application.css.sass:
This selector doesn't have any properties and will not be rendered.

WARNING on line 926 of /Users/gilesholt/Sites/rvw/app/assets/stylesheets/application.css.sass:
This selector doesn't have any properties and will not be rendered.

WARNING on line 931 of /Users/gilesholt/Sites/rvw/app/assets/stylesheets/application.css.sass:
This selector doesn't have any properties and will not be rendered.

WARNING on line 932 of /Users/gilesholt/Sites/rvw/app/assets/stylesheets/application.css.sass:
This selector doesn't have any properties and will not be rendered.

WARNING on line 933 of /Users/gilesholt/Sites/rvw/app/assets/stylesheets/application.css.sass:
This selector doesn't have any properties and will not be rendered.

WARNING on line 943 of /Users/gilesholt/Sites/rvw/app/assets/stylesheets/application.css.sass:
This selector doesn't have any properties and will not be rendered.

WARNING on line 964 of /Users/gilesholt/Sites/rvw/app/assets/stylesheets/application.css.sass:
This selector doesn't have any properties and will not be rendered.

WARNING on line 1043 of /Users/gilesholt/Sites/rvw/app/assets/stylesheets/application.css.sass:
This selector doesn't have any properties and will not be rendered.

WARNING on line 1045 of /Users/gilesholt/Sites/rvw/app/assets/stylesheets/application.css.sass:
This selector doesn't have any properties and will not be rendered.

WARNING on line 1101 of /Users/gilesholt/Sites/rvw/app/assets/stylesheets/application.css.sass:
This selector doesn't have any properties and will not be rendered.

WARNING on line 1104 of /Users/gilesholt/Sites/rvw/app/assets/stylesheets/application.css.sass:
This selector doesn't have any properties and will not be rendered.

WARNING on line 1105 of /Users/gilesholt/Sites/rvw/app/assets/stylesheets/application.css.sass:
This selector doesn't have any properties and will not be rendered.

Compiled application.css  (1094ms)  (pid 23427)
Compiled jquery.js  (40ms)  (pid 24731)
Compiled jquery_ujs.js  (0ms)  (pid 24731)
Compiled gallery.js  (0ms)  (pid 24731)
Compiled home.js  (218ms)  (pid 24731)
Compiled image_swap.js  (0ms)  (pid 24731)
Compiled jquery.sticky.js  (0ms)  (pid 24731)
Compiled pages.js  (140ms)  (pid 24731)
Compiled static_pages.js  (136ms)  (pid 24731)
Compiled application.js  (685ms)  (pid 24731)
WARNING on line 126 of /Users/gilesholt/Sites/rvw/app/assets/stylesheets/application.css.sass:
This selector doesn't have any properties and will not be rendered.

WARNING on line 140 of /Users/gilesholt/Sites/rvw/app/assets/stylesheets/application.css.sass:
This selector doesn't have any properties and will not be rendered.

WARNING on line 200 of /Users/gilesholt/Sites/rvw/app/assets/stylesheets/application.css.sass:
This selector doesn't have any properties and will not be rendered.

WARNING on line 314 of /Users/gilesholt/Sites/rvw/app/assets/stylesheets/application.css.sass:
This selector doesn't have any properties and will not be rendered.

WARNING on line 669 of /Users/gilesholt/Sites/rvw/app/assets/stylesheets/application.css.sass:
This selector doesn't have any properties and will not be rendered.

WARNING on line 777 of /Users/gilesholt/Sites/rvw/app/assets/stylesheets/application.css.sass:
This selector doesn't have any properties and will not be rendered.

WARNING on line 922 of /Users/gilesholt/Sites/rvw/app/assets/stylesheets/application.css.sass:
This selector doesn't have any properties and will not be rendered.

WARNING on line 924 of /Users/gilesholt/Sites/rvw/app/assets/stylesheets/application.css.sass:
This selector doesn't have any properties and will not be rendered.

WARNING on line 925 of /Users/gilesholt/Sites/rvw/app/assets/stylesheets/application.css.sass:
This selector doesn't have any properties and will not be rendered.

WARNING on line 926 of /Users/gilesholt/Sites/rvw/app/assets/stylesheets/application.css.sass:
This selector doesn't have any properties and will not be rendered.

WARNING on line 931 of /Users/gilesholt/Sites/rvw/app/assets/stylesheets/application.css.sass:
This selector doesn't have any properties and will not be rendered.

WARNING on line 932 of /Users/gilesholt/Sites/rvw/app/assets/stylesheets/application.css.sass:
This selector doesn't have any properties and will not be rendered.

WARNING on line 933 of /Users/gilesholt/Sites/rvw/app/assets/stylesheets/application.css.sass:
This selector doesn't have any properties and will not be rendered.

WARNING on line 943 of /Users/gilesholt/Sites/rvw/app/assets/stylesheets/application.css.sass:
This selector doesn't have any properties and will not be rendered.

WARNING on line 964 of /Users/gilesholt/Sites/rvw/app/assets/stylesheets/application.css.sass:
This selector doesn't have any properties and will not be rendered.

WARNING on line 1043 of /Users/gilesholt/Sites/rvw/app/assets/stylesheets/application.css.sass:
This selector doesn't have any properties and will not be rendered.

WARNING on line 1045 of /Users/gilesholt/Sites/rvw/app/assets/stylesheets/application.css.sass:
This selector doesn't have any properties and will not be rendered.

WARNING on line 1101 of /Users/gilesholt/Sites/rvw/app/assets/stylesheets/application.css.sass:
This selector doesn't have any properties and will not be rendered.

WARNING on line 1104 of /Users/gilesholt/Sites/rvw/app/assets/stylesheets/application.css.sass:
This selector doesn't have any properties and will not be rendered.

WARNING on line 1105 of /Users/gilesholt/Sites/rvw/app/assets/stylesheets/application.css.sass:
This selector doesn't have any properties and will not be rendered.

Compiled application.css  (1134ms)  (pid 24731)
Compiled jquery.js  (3ms)  (pid 24731)
Compiled jquery_ujs.js  (0ms)  (pid 24731)
Compiled gallery.js  (0ms)  (pid 24731)
Compiled home.js  (184ms)  (pid 24731)
Compiled image_swap.js  (0ms)  (pid 24731)
Compiled jquery.sticky.js  (0ms)  (pid 24731)
Compiled pages.js  (134ms)  (pid 24731)
Compiled static_pages.js  (130ms)  (pid 24731)
Compiled application.js  (616ms)  (pid 24731)
WARNING on line 126 of /Users/gilesholt/Sites/rvw/app/assets/stylesheets/application.css.sass:
This selector doesn't have any properties and will not be rendered.

WARNING on line 140 of /Users/gilesholt/Sites/rvw/app/assets/stylesheets/application.css.sass:
This selector doesn't have any properties and will not be rendered.

WARNING on line 200 of /Users/gilesholt/Sites/rvw/app/assets/stylesheets/application.css.sass:
This selector doesn't have any properties and will not be rendered.

WARNING on line 314 of /Users/gilesholt/Sites/rvw/app/assets/stylesheets/application.css.sass:
This selector doesn't have any properties and will not be rendered.

WARNING on line 669 of /Users/gilesholt/Sites/rvw/app/assets/stylesheets/application.css.sass:
This selector doesn't have any properties and will not be rendered.

WARNING on line 777 of /Users/gilesholt/Sites/rvw/app/assets/stylesheets/application.css.sass:
This selector doesn't have any properties and will not be rendered.

WARNING on line 922 of /Users/gilesholt/Sites/rvw/app/assets/stylesheets/application.css.sass:
This selector doesn't have any properties and will not be rendered.

WARNING on line 924 of /Users/gilesholt/Sites/rvw/app/assets/stylesheets/application.css.sass:
This selector doesn't have any properties and will not be rendered.

WARNING on line 925 of /Users/gilesholt/Sites/rvw/app/assets/stylesheets/application.css.sass:
This selector doesn't have any properties and will not be rendered.

WARNING on line 926 of /Users/gilesholt/Sites/rvw/app/assets/stylesheets/application.css.sass:
This selector doesn't have any properties and will not be rendered.

WARNING on line 931 of /Users/gilesholt/Sites/rvw/app/assets/stylesheets/application.css.sass:
This selector doesn't have any properties and will not be rendered.

WARNING on line 932 of /Users/gilesholt/Sites/rvw/app/assets/stylesheets/application.css.sass:
This selector doesn't have any properties and will not be rendered.

WARNING on line 933 of /Users/gilesholt/Sites/rvw/app/assets/stylesheets/application.css.sass:
This selector doesn't have any properties and will not be rendered.

WARNING on line 943 of /Users/gilesholt/Sites/rvw/app/assets/stylesheets/application.css.sass:
This selector doesn't have any properties and will not be rendered.

WARNING on line 964 of /Users/gilesholt/Sites/rvw/app/assets/stylesheets/application.css.sass:
This selector doesn't have any properties and will not be rendered.

WARNING on line 1043 of /Users/gilesholt/Sites/rvw/app/assets/stylesheets/application.css.sass:
This selector doesn't have any properties and will not be rendered.

WARNING on line 1045 of /Users/gilesholt/Sites/rvw/app/assets/stylesheets/application.css.sass:
This selector doesn't have any properties and will not be rendered.

WARNING on line 1101 of /Users/gilesholt/Sites/rvw/app/assets/stylesheets/application.css.sass:
This selector doesn't have any properties and will not be rendered.

WARNING on line 1104 of /Users/gilesholt/Sites/rvw/app/assets/stylesheets/application.css.sass:
This selector doesn't have any properties and will not be rendered.

WARNING on line 1105 of /Users/gilesholt/Sites/rvw/app/assets/stylesheets/application.css.sass:
This selector doesn't have any properties and will not be rendered.

Compiled application.css  (1089ms)  (pid 24731)
